new 		SEARCH_STATE [f_value=5.6963938790470054, g_value=0, h_value=5.6963938790470054, id=1, parent=0]
popped 		SEARCH_STATE [f_value=5.6963938790470054, g_value=0, h_value=5.6963938790470054, id=1, parent=0]
new 		SEARCH_STATE [f_value=16.571508518311596, g_value=5.499405969539399, h_value=11.072102548772198, id=2, parent=1]
new 		SEARCH_STATE [f_value=5.6963938790470054, g_value=0.6043630588327691, h_value=5.092030820214236, id=3, parent=1]
popped 		SEARCH_STATE [f_value=5.6963938790470054, g_value=0.6043630588327691, h_value=5.092030820214236, id=3, parent=1]
new 		SEARCH_STATE [f_value=6.377865114712241, g_value=1.0618662942479875, h_value=5.315998820464253, id=4, parent=3]
popped 		SEARCH_STATE [f_value=6.377865114712241, g_value=1.0618662942479875, h_value=5.315998820464253, id=4, parent=3]
new 		SEARCH_STATE [f_value=6.404340181602308, g_value=1.0883413611380544, h_value=5.315998820464253, id=5, parent=4]
popped 		SEARCH_STATE [f_value=6.404340181602308, g_value=1.0883413611380544, h_value=5.315998820464253, id=5, parent=4]
new 		SEARCH_STATE [f_value=16.921390472053996, g_value=5.712860062108288, h_value=11.208530409945707, id=6, parent=5]
new 		SEARCH_STATE [f_value=6.43498342181133, g_value=1.118984601347076, h_value=5.315998820464253, id=7, parent=5]
popped 		SEARCH_STATE [f_value=6.43498342181133, g_value=1.118984601347076, h_value=5.315998820464253, id=7, parent=5]
new 		SEARCH_STATE [f_value=10.590400808598964, g_value=4.154103940241155, h_value=6.43629686835781, id=8, parent=7]
new 		SEARCH_STATE [f_value=6.440886203232797, g_value=1.1248873827685433, h_value=5.315998820464253, id=9, parent=7]
popped 		SEARCH_STATE [f_value=6.440886203232797, g_value=1.1248873827685433, h_value=5.315998820464253, id=9, parent=7]
new 		SEARCH_STATE [f_value=6.440886203232797, g_value=1.40970120506186, h_value=5.031184998170937, id=10, parent=9]
popped 		SEARCH_STATE [f_value=6.440886203232797, g_value=1.40970120506186, h_value=5.031184998170937, id=10, parent=9]
new 		SEARCH_STATE [f_value=6.440886203232797, g_value=1.9733636603055071, h_value=4.46752254292729, id=11, parent=10]
new 		SEARCH_STATE [f_value=6.440886203232797, g_value=1.9733636603055071, h_value=4.46752254292729, id=12, parent=10]
popped 		SEARCH_STATE [f_value=6.440886203232797, g_value=1.9733636603055071, h_value=4.46752254292729, id=11, parent=10]
new 		SEARCH_STATE [f_value=6.440886203232797, g_value=1.9878989570406178, h_value=4.452987246192179, id=13, parent=11]
popped 		SEARCH_STATE [f_value=6.440886203232797, g_value=1.9878989570406178, h_value=4.452987246192179, id=13, parent=11]
new 		SEARCH_STATE [f_value=6.440886203232797, g_value=2.262258614790909, h_value=4.178627588441888, id=14, parent=13]
popped 		SEARCH_STATE [f_value=6.440886203232797, g_value=2.262258614790909, h_value=4.178627588441888, id=14, parent=13]
new 		SEARCH_STATE [f_value=6.440886203232797, g_value=2.262258614790909, h_value=4.178627588441888, id=15, parent=14]
new 		SEARCH_STATE [f_value=7.038762915623529, g_value=2.262258614790909, h_value=4.77650430083262, id=16, parent=14]
popped 		SEARCH_STATE [f_value=6.440886203232797, g_value=2.262258614790909, h_value=4.178627588441888, id=15, parent=14]
new 		SEARCH_STATE [f_value=6.440886203232797, g_value=5.7923275710022315, h_value=0.648558632230565, id=17, parent=15]
popped 		SEARCH_STATE [f_value=6.440886203232797, g_value=1.9733636603055071, h_value=4.46752254292729, id=12, parent=10]
new 		SEARCH_STATE [f_value=6.440886203232797, g_value=2.251408436726676, h_value=4.189477766506121, id=18, parent=12]
popped 		SEARCH_STATE [f_value=6.440886203232797, g_value=2.251408436726676, h_value=4.189477766506121, id=18, parent=12]
new 		SEARCH_STATE [f_value=6.440886203232797, g_value=2.797033792787956, h_value=3.6438524104448407, id=19, parent=18]
new 		SEARCH_STATE [f_value=6.440886203232797, g_value=2.797033792787956, h_value=3.6438524104448407, id=20, parent=18]
popped 		SEARCH_STATE [f_value=6.440886203232797, g_value=2.797033792787956, h_value=3.6438524104448407, id=19, parent=18]
new 		SEARCH_STATE [f_value=6.440886203232797, g_value=2.8499432195420766, h_value=3.59094298369072, id=21, parent=19]
popped 		SEARCH_STATE [f_value=6.440886203232797, g_value=5.7923275710022315, h_value=0.648558632230565, id=17, parent=15]
new 		SEARCH_STATE [f_value=6.440886203232797, g_value=5.810878223121794, h_value=0.6300079801110029, id=22, parent=17]
popped 		SEARCH_STATE [f_value=6.440886203232797, g_value=2.797033792787956, h_value=3.6438524104448407, id=20, parent=18]
new 		SEARCH_STATE [f_value=6.440886203232797, g_value=2.797033792787956, h_value=3.6438524104448407, id=23, parent=20]
popped 		SEARCH_STATE [f_value=6.440886203232797, g_value=2.8499432195420766, h_value=3.59094298369072, id=21, parent=19]
updated 	SEARCH_STATE [f_value=3.7876285464567188, g_value=3.1576205663457158, h_value=0.6300079801110029, id=22, parent=21]
popped 		SEARCH_STATE [f_value=3.7876285464567188, g_value=3.1576205663457158, h_value=0.6300079801110029, id=22, parent=21]
new 		SEARCH_STATE [f_value=3.7876285464567188, g_value=3.1952517661405864, h_value=0.5923767803161323, id=24, parent=22]
new 		SEARCH_STATE [f_value=3.7876285464567188, g_value=3.1576205663457158, h_value=0.6300079801110029, id=17, parent=22]
popped 		SEARCH_STATE [f_value=3.7876285464567188, g_value=3.1952517661405864, h_value=0.5923767803161323, id=24, parent=22]
new 		SEARCH_STATE [f_value=3.7876285464567188, g_value=3.2143372999824424, h_value=0.5732912464742764, id=25, parent=24]
popped 		SEARCH_STATE [f_value=3.7876285464567188, g_value=3.2143372999824424, h_value=0.5732912464742764, id=25, parent=24]
new 		SEARCH_STATE [f_value=3.9915850900844365, g_value=3.457016094951957, h_value=0.5345689951324796, id=26, parent=25]
new 		SEARCH_STATE [f_value=5.605726812087996, g_value=3.2143372999824424, h_value=2.3913895121055533, id=27, parent=25]
popped 		SEARCH_STATE [f_value=3.7876285464567188, g_value=3.1576205663457158, h_value=0.6300079801110029, id=17, parent=22]
new 		SEARCH_STATE [f_value=3.806179198576281, g_value=3.1576205663457158, h_value=0.648558632230565, id=15, parent=17]
popped 		SEARCH_STATE [f_value=3.806179198576281, g_value=3.1576205663457158, h_value=0.648558632230565, id=15, parent=17]
new 		SEARCH_STATE [f_value=7.3362481547876035, g_value=3.1576205663457158, h_value=4.178627588441888, id=14, parent=15]
popped 		SEARCH_STATE [f_value=3.9915850900844365, g_value=3.457016094951957, h_value=0.5345689951324796, id=26, parent=25]
new 		SEARCH_STATE [f_value=4.258995835276655, g_value=3.744068821509874, h_value=0.5149270137667809, id=28, parent=26]
popped 		SEARCH_STATE [f_value=4.258995835276655, g_value=3.744068821509874, h_value=0.5149270137667809, id=28, parent=26]
new 		SEARCH_STATE [f_value=4.798517085471384, g_value=4.323451398973457, h_value=0.4750656864979268, id=29, parent=28]
new 		SEARCH_STATE [f_value=5.253257497718808, g_value=3.744068821509874, h_value=1.509188676208934, id=30, parent=28]
popped 		SEARCH_STATE [f_value=4.798517085471384, g_value=4.323451398973457, h_value=0.4750656864979268, id=29, parent=28]
new 		SEARCH_STATE [f_value=5.069958578069279, g_value=4.615117832475821, h_value=0.4548407455934579, id=31, parent=29]
popped 		SEARCH_STATE [f_value=5.069958578069279, g_value=4.615117832475821, h_value=0.4548407455934579, id=31, parent=29]
new 		SEARCH_STATE [f_value=5.6150867200263885, g_value=5.201297272362122, h_value=0.4137894476642668, id=32, parent=31]
new 		SEARCH_STATE [f_value=5.290809598551153, g_value=4.615117832475821, h_value=0.6756917660753317, id=33, parent=31]
popped 		SEARCH_STATE [f_value=5.253257497718808, g_value=3.744068821509874, h_value=1.509188676208934, id=30, parent=28]
new 		SEARCH_STATE [f_value=5.6109245246648936, g_value=3.744068821509874, h_value=1.86685570315502, id=34, parent=30]
popped 		SEARCH_STATE [f_value=5.290809598551153, g_value=4.615117832475821, h_value=0.6756917660753317, id=33, parent=31]
new 		SEARCH_STATE [f_value=5.61993051758924, g_value=4.615117832475821, h_value=1.0048126851134185, id=35, parent=33]
popped 		SEARCH_STATE [f_value=5.605726812087996, g_value=3.2143372999824424, h_value=2.3913895121055533, id=27, parent=25]
new 		SEARCH_STATE [f_value=5.9432372656273955, g_value=3.2143372999824424, h_value=2.728899965644953, id=36, parent=27]
popped 		SEARCH_STATE [f_value=5.6109245246648936, g_value=3.744068821509874, h_value=1.86685570315502, id=34, parent=30]
new 		SEARCH_STATE [f_value=5.929355440594505, g_value=3.744068821509874, h_value=2.185286619084631, id=37, parent=34]
popped 		SEARCH_STATE [f_value=5.6150867200263885, g_value=5.201297272362122, h_value=0.4137894476642668, id=32, parent=31]
new 		SEARCH_STATE [f_value=5.88846306628381, g_value=5.4955058930960305, h_value=0.3929571731877796, id=38, parent=32]
popped 		SEARCH_STATE [f_value=5.61993051758924, g_value=4.615117832475821, h_value=1.0048126851134185, id=35, parent=33]
new 		SEARCH_STATE [f_value=6.3339513067477995, g_value=4.615117832475821, h_value=1.7188334742719777, id=39, parent=35]
popped 		SEARCH_STATE [f_value=5.88846306628381, g_value=5.4955058930960305, h_value=0.3929571731877796, id=38, parent=32]
new 		SEARCH_STATE [f_value=6.591058077878806, g_value=6.085619687112803, h_value=0.5054383907660023, id=40, parent=38]
new 		SEARCH_STATE [f_value=5.88846306628381, g_value=5.5129197269611705, h_value=0.37554333932263967, id=41, parent=38]
popped 		SEARCH_STATE [f_value=5.88846306628381, g_value=5.5129197269611705, h_value=0.37554333932263967, id=41, parent=38]
FOUND PATH
new 		SEARCH_STATE [f_value=5.88846306628381, g_value=5.745694444108846, h_value=0.1427686221749639, id=42, parent=41]
popped 		SEARCH_STATE [f_value=5.88846306628381, g_value=5.745694444108846, h_value=0.1427686221749639, id=42, parent=41]
new 		SEARCH_STATE [f_value=7.370151260879089, g_value=5.745694444108846, h_value=1.6244568167702427, id=43, parent=42]
popped 		SEARCH_STATE [f_value=5.929355440594505, g_value=3.744068821509874, h_value=2.185286619084631, id=37, parent=34]
new 		SEARCH_STATE [f_value=6.4794136323893206, g_value=4.294127013304689, h_value=2.185286619084631, id=44, parent=37]
new 		SEARCH_STATE [f_value=6.368862123538943, g_value=3.744068821509874, h_value=2.6247933020290684, id=45, parent=37]
popped 		SEARCH_STATE [f_value=5.9432372656273955, g_value=3.2143372999824424, h_value=2.728899965644953, id=36, parent=27]
new 		SEARCH_STATE [f_value=6.08079381415241, g_value=3.2143372999824424, h_value=2.866456514169968, id=46, parent=36]
popped 		SEARCH_STATE [f_value=6.08079381415241, g_value=3.2143372999824424, h_value=2.866456514169968, id=46, parent=36]
updated 	SEARCH_STATE [f_value=6.055415839817979, g_value=3.43062253778891, h_value=2.6247933020290684, id=45, parent=46]
popped 		SEARCH_STATE [f_value=6.055415839817979, g_value=3.43062253778891, h_value=2.6247933020290684, id=45, parent=46]
new 		SEARCH_STATE [f_value=6.344505663958268, g_value=3.7197123619291994, h_value=2.6247933020290684, id=37, parent=45]
popped 		SEARCH_STATE [f_value=6.3339513067477995, g_value=4.615117832475821, h_value=1.7188334742719777, id=39, parent=35]
new 		SEARCH_STATE [f_value=6.629080009856459, g_value=4.910246535584481, h_value=1.7188334742719777, id=47, parent=39]
popped 		SEARCH_STATE [f_value=6.344505663958268, g_value=3.7197123619291994, h_value=2.6247933020290684, id=37, parent=45]
new 		SEARCH_STATE [f_value=6.344505663958268, g_value=4.159219044873637, h_value=2.185286619084631, id=34, parent=37]
updated 	SEARCH_STATE [f_value=6.4794136323893206, g_value=4.294127013304689, h_value=2.185286619084631, id=44, parent=37]
popped 		SEARCH_STATE [f_value=6.344505663958268, g_value=4.159219044873637, h_value=2.185286619084631, id=34, parent=37]
new 		SEARCH_STATE [f_value=6.344505663958268, g_value=4.477649960803248, h_value=1.86685570315502, id=30, parent=34]
popped 		SEARCH_STATE [f_value=6.344505663958268, g_value=4.477649960803248, h_value=1.86685570315502, id=30, parent=34]
new 		SEARCH_STATE [f_value=6.344505663958268, g_value=4.835316987749334, h_value=1.509188676208934, id=28, parent=30]
popped 		SEARCH_STATE [f_value=6.344505663958268, g_value=4.835316987749334, h_value=1.509188676208934, id=28, parent=30]
new 		SEARCH_STATE [f_value=6.344505663958268, g_value=5.869439977460341, h_value=0.4750656864979268, id=29, parent=28]
new 		SEARCH_STATE [f_value=6.344505663958268, g_value=5.829578650191487, h_value=0.5149270137667809, id=26, parent=28]
popped 		SEARCH_STATE [f_value=6.344505663958268, g_value=5.869439977460341, h_value=0.4750656864979268, id=29, parent=28]
new 		SEARCH_STATE [f_value=6.344505663958268, g_value=5.88966491836481, h_value=0.4548407455934579, id=31, parent=29]
popped 		SEARCH_STATE [f_value=6.344505663958268, g_value=5.88966491836481, h_value=0.4548407455934579, id=31, parent=29]
new 		SEARCH_STATE [f_value=6.344505663958268, g_value=5.930716216294001, h_value=0.4137894476642668, id=32, parent=31]
new 		SEARCH_STATE [f_value=6.565356684440141, g_value=5.88966491836481, h_value=0.6756917660753317, id=33, parent=31]
popped 		SEARCH_STATE [f_value=6.344505663958268, g_value=5.930716216294001, h_value=0.4137894476642668, id=32, parent=31]
new 		SEARCH_STATE [f_value=6.344505663958268, g_value=5.951548490770488, h_value=0.3929571731877796, id=38, parent=32]
popped 		SEARCH_STATE [f_value=6.344505663958268, g_value=5.951548490770488, h_value=0.3929571731877796, id=38, parent=32]
updated 	SEARCH_STATE [f_value=6.591058077878806, g_value=6.085619687112803, h_value=0.5054383907660023, id=40, parent=38]
new 		SEARCH_STATE [f_value=6.344505663958268, g_value=5.968962324635628, h_value=0.37554333932263967, id=41, parent=38]
popped 		SEARCH_STATE [f_value=6.344505663958268, g_value=5.968962324635628, h_value=0.37554333932263967, id=41, parent=38]
FOUND PATH
new 		SEARCH_STATE [f_value=6.344505663958268, g_value=6.2017370417833035, h_value=0.1427686221749639, id=42, parent=41]
popped 		SEARCH_STATE [f_value=6.344505663958268, g_value=6.2017370417833035, h_value=0.1427686221749639, id=42, parent=41]
popped 		SEARCH_STATE [f_value=6.344505663958268, g_value=5.829578650191487, h_value=0.5149270137667809, id=26, parent=28]
popped 		SEARCH_STATE [f_value=6.440886203232797, g_value=2.797033792787956, h_value=3.6438524104448407, id=23, parent=20]
new 		SEARCH_STATE [f_value=6.440886203232797, g_value=3.0629228425837733, h_value=3.3779633606490234, id=46, parent=23]
popped 		SEARCH_STATE [f_value=6.440886203232797, g_value=3.0629228425837733, h_value=3.3779633606490234, id=46, parent=23]
new 		SEARCH_STATE [f_value=6.440886203232797, g_value=3.574429689062829, h_value=2.866456514169968, id=45, parent=46]
new 		SEARCH_STATE [f_value=6.440886203232797, g_value=3.574429689062829, h_value=2.866456514169968, id=36, parent=46]
popped 		SEARCH_STATE [f_value=6.440886203232797, g_value=3.574429689062829, h_value=2.866456514169968, id=45, parent=46]
new 		SEARCH_STATE [f_value=6.440886203232797, g_value=3.8160929012037283, h_value=2.6247933020290684, id=37, parent=45]
popped 		SEARCH_STATE [f_value=6.440886203232797, g_value=3.8160929012037283, h_value=2.6247933020290684, id=37, parent=45]
new 		SEARCH_STATE [f_value=6.440886203232797, g_value=4.2555995841481655, h_value=2.185286619084631, id=34, parent=37]
updated 	SEARCH_STATE [f_value=6.4794136323893206, g_value=4.294127013304689, h_value=2.185286619084631, id=44, parent=37]
popped 		SEARCH_STATE [f_value=6.440886203232797, g_value=4.2555995841481655, h_value=2.185286619084631, id=34, parent=37]
new 		SEARCH_STATE [f_value=6.440886203232797, g_value=4.574030500077777, h_value=1.86685570315502, id=30, parent=34]
popped 		SEARCH_STATE [f_value=6.440886203232797, g_value=4.574030500077777, h_value=1.86685570315502, id=30, parent=34]
new 		SEARCH_STATE [f_value=6.440886203232797, g_value=4.9316975270238625, h_value=1.509188676208934, id=28, parent=30]
popped 		SEARCH_STATE [f_value=6.440886203232797, g_value=4.9316975270238625, h_value=1.509188676208934, id=28, parent=30]
new 		SEARCH_STATE [f_value=6.440886203232797, g_value=5.96582051673487, h_value=0.4750656864979268, id=29, parent=28]
new 		SEARCH_STATE [f_value=6.440886203232797, g_value=5.925959189466016, h_value=0.5149270137667809, id=26, parent=28]
popped 		SEARCH_STATE [f_value=6.440886203232797, g_value=5.96582051673487, h_value=0.4750656864979268, id=29, parent=28]
new 		SEARCH_STATE [f_value=6.440886203232797, g_value=5.986045457639339, h_value=0.4548407455934579, id=31, parent=29]
popped 		SEARCH_STATE [f_value=6.440886203232797, g_value=5.986045457639339, h_value=0.4548407455934579, id=31, parent=29]
new 		SEARCH_STATE [f_value=6.440886203232797, g_value=6.02709675556853, h_value=0.4137894476642668, id=32, parent=31]
popped 		SEARCH_STATE [f_value=6.440886203232797, g_value=6.02709675556853, h_value=0.4137894476642668, id=32, parent=31]
new 		SEARCH_STATE [f_value=6.440886203232797, g_value=6.047929030045017, h_value=0.3929571731877796, id=38, parent=32]
popped 		SEARCH_STATE [f_value=6.440886203232797, g_value=6.047929030045017, h_value=0.3929571731877796, id=38, parent=32]
updated 	SEARCH_STATE [f_value=6.591058077878806, g_value=6.085619687112803, h_value=0.5054383907660023, id=40, parent=38]
new 		SEARCH_STATE [f_value=6.440886203232797, g_value=6.065342863910157, h_value=0.37554333932263967, id=41, parent=38]
popped 		SEARCH_STATE [f_value=6.440886203232797, g_value=6.065342863910157, h_value=0.37554333932263967, id=41, parent=38]
FOUND PATH
new 		SEARCH_STATE [f_value=6.440886203232797, g_value=6.2981175810578325, h_value=0.1427686221749639, id=42, parent=41]
popped 		SEARCH_STATE [f_value=6.440886203232797, g_value=6.2981175810578325, h_value=0.1427686221749639, id=42, parent=41]
popped 		SEARCH_STATE [f_value=6.440886203232797, g_value=5.925959189466016, h_value=0.5149270137667809, id=26, parent=28]
new 		SEARCH_STATE [f_value=6.460528184598496, g_value=5.925959189466016, h_value=0.5345689951324796, id=25, parent=26]
popped 		SEARCH_STATE [f_value=6.440886203232797, g_value=3.574429689062829, h_value=2.866456514169968, id=36, parent=46]
new 		SEARCH_STATE [f_value=6.440886203232797, g_value=3.711986237587857, h_value=2.7288999656449398, id=27, parent=36]
popped 		SEARCH_STATE [f_value=6.440886203232797, g_value=3.711986237587857, h_value=2.7288999656449398, id=27, parent=36]
updated 	SEARCH_STATE [f_value=4.5840656862597235, g_value=4.049496691127244, h_value=0.5345689951324796, id=25, parent=27]
popped 		SEARCH_STATE [f_value=4.5840656862597235, g_value=4.049496691127244, h_value=0.5345689951324796, id=25, parent=27]
new 		SEARCH_STATE [f_value=4.622787937601521, g_value=4.049496691127244, h_value=0.5732912464742764, id=24, parent=25]
new 		SEARCH_STATE [f_value=4.5840656862597235, g_value=4.049496691127244, h_value=0.5345689951324796, id=26, parent=25]
popped 		SEARCH_STATE [f_value=4.5840656862597235, g_value=4.049496691127244, h_value=0.5345689951324796, id=26, parent=25]
new 		SEARCH_STATE [f_value=4.5840656862597235, g_value=4.069138672492943, h_value=0.5149270137667809, id=28, parent=26]
popped 		SEARCH_STATE [f_value=4.5840656862597235, g_value=4.069138672492943, h_value=0.5149270137667809, id=28, parent=26]
new 		SEARCH_STATE [f_value=4.798517085471384, g_value=4.323451398973457, h_value=0.4750656864979268, id=29, parent=28]
new 		SEARCH_STATE [f_value=5.578327348701877, g_value=4.069138672492943, h_value=1.509188676208934, id=30, parent=28]
popped 		SEARCH_STATE [f_value=4.622787937601521, g_value=4.049496691127244, h_value=0.5732912464742764, id=24, parent=25]
new 		SEARCH_STATE [f_value=4.641873471443376, g_value=4.049496691127244, h_value=0.5923767803161323, id=22, parent=24]
popped 		SEARCH_STATE [f_value=4.641873471443376, g_value=4.049496691127244, h_value=0.5923767803161323, id=22, parent=24]
new 		SEARCH_STATE [f_value=7.332762328014325, g_value=4.049496691127244, h_value=3.283265636887081, id=21, parent=22]
new 		SEARCH_STATE [f_value=4.679504671238247, g_value=4.049496691127244, h_value=0.6300079801110029, id=17, parent=22]
popped 		SEARCH_STATE [f_value=4.679504671238247, g_value=4.049496691127244, h_value=0.6300079801110029, id=17, parent=22]
new 		SEARCH_STATE [f_value=4.698055323357809, g_value=4.049496691127244, h_value=0.648558632230565, id=15, parent=17]
popped 		SEARCH_STATE [f_value=4.698055323357809, g_value=4.049496691127244, h_value=0.648558632230565, id=15, parent=17]
popped 		SEARCH_STATE [f_value=4.798517085471384, g_value=4.323451398973457, h_value=0.4750656864979268, id=29, parent=28]
new 		SEARCH_STATE [f_value=5.069958578069279, g_value=4.615117832475821, h_value=0.4548407455934579, id=31, parent=29]
popped 		SEARCH_STATE [f_value=5.069958578069279, g_value=4.615117832475821, h_value=0.4548407455934579, id=31, parent=29]
new 		SEARCH_STATE [f_value=5.6150867200263885, g_value=5.201297272362122, h_value=0.4137894476642668, id=32, parent=31]
updated 	SEARCH_STATE [f_value=5.290809598551153, g_value=4.615117832475821, h_value=0.6756917660753317, id=33, parent=31]
popped 		SEARCH_STATE [f_value=5.290809598551153, g_value=4.615117832475821, h_value=0.6756917660753317, id=33, parent=31]
new 		SEARCH_STATE [f_value=5.61993051758924, g_value=4.615117832475821, h_value=1.0048126851134185, id=35, parent=33]
popped 		SEARCH_STATE [f_value=5.578327348701877, g_value=4.069138672492943, h_value=1.509188676208934, id=30, parent=28]
new 		SEARCH_STATE [f_value=5.9359943756479625, g_value=4.069138672492943, h_value=1.86685570315502, id=34, parent=30]
popped 		SEARCH_STATE [f_value=5.6150867200263885, g_value=5.201297272362122, h_value=0.4137894476642668, id=32, parent=31]
new 		SEARCH_STATE [f_value=5.88846306628381, g_value=5.4955058930960305, h_value=0.3929571731877796, id=38, parent=32]
popped 		SEARCH_STATE [f_value=5.61993051758924, g_value=4.615117832475821, h_value=1.0048126851134185, id=35, parent=33]
new 		SEARCH_STATE [f_value=6.3339513067477995, g_value=4.615117832475821, h_value=1.7188334742719777, id=39, parent=35]
popped 		SEARCH_STATE [f_value=5.88846306628381, g_value=5.4955058930960305, h_value=0.3929571731877796, id=38, parent=32]
updated 	SEARCH_STATE [f_value=6.591058077878806, g_value=6.085619687112803, h_value=0.5054383907660023, id=40, parent=38]
new 		SEARCH_STATE [f_value=5.88846306628381, g_value=5.5129197269611705, h_value=0.37554333932263967, id=41, parent=38]
popped 		SEARCH_STATE [f_value=5.88846306628381, g_value=5.5129197269611705, h_value=0.37554333932263967, id=41, parent=38]
FOUND PATH
new 		SEARCH_STATE [f_value=5.88846306628381, g_value=5.745694444108846, h_value=0.1427686221749639, id=42, parent=41]
popped 		SEARCH_STATE [f_value=5.88846306628381, g_value=5.745694444108846, h_value=0.1427686221749639, id=42, parent=41]
updated 	SEARCH_STATE [f_value=7.370151260879089, g_value=5.745694444108846, h_value=1.6244568167702427, id=43, parent=42]
popped 		SEARCH_STATE [f_value=5.9359943756479625, g_value=4.069138672492943, h_value=1.86685570315502, id=34, parent=30]
new 		SEARCH_STATE [f_value=6.254425291577574, g_value=4.069138672492943, h_value=2.185286619084631, id=37, parent=34]
popped 		SEARCH_STATE [f_value=6.254425291577574, g_value=4.069138672492943, h_value=2.185286619084631, id=37, parent=34]
updated 	SEARCH_STATE [f_value=6.4794136323893206, g_value=4.294127013304689, h_value=2.185286619084631, id=44, parent=37]
new 		SEARCH_STATE [f_value=6.693931974522011, g_value=4.069138672492943, h_value=2.6247933020290684, id=45, parent=37]
popped 		SEARCH_STATE [f_value=6.3339513067477995, g_value=4.615117832475821, h_value=1.7188334742719777, id=39, parent=35]
updated 	SEARCH_STATE [f_value=6.629080009856459, g_value=4.910246535584481, h_value=1.7188334742719777, id=47, parent=39]
popped 		SEARCH_STATE [f_value=6.4794136323893206, g_value=4.294127013304689, h_value=2.185286619084631, id=44, parent=37]
new 		SEARCH_STATE [f_value=6.536369427802574, g_value=4.539258831384553, h_value=1.9971105964180211, id=39, parent=44]
popped 		SEARCH_STATE [f_value=6.536369427802574, g_value=4.539258831384553, h_value=1.9971105964180211, id=39, parent=44]
new 		SEARCH_STATE [f_value=6.536369427802574, g_value=4.817535953530596, h_value=1.7188334742719777, id=35, parent=39]
updated 	SEARCH_STATE [f_value=6.629080009856459, g_value=4.910246535584481, h_value=1.7188334742719777, id=47, parent=39]
popped 		SEARCH_STATE [f_value=6.536369427802574, g_value=4.817535953530596, h_value=1.7188334742719777, id=35, parent=39]
new 		SEARCH_STATE [f_value=6.536369427802574, g_value=5.531556742689156, h_value=1.0048126851134185, id=33, parent=35]
popped 		SEARCH_STATE [f_value=6.536369427802574, g_value=5.531556742689156, h_value=1.0048126851134185, id=33, parent=35]
new 		SEARCH_STATE [f_value=6.536369427802574, g_value=5.860677661727243, h_value=0.6756917660753317, id=31, parent=33]
popped 		SEARCH_STATE [f_value=6.536369427802574, g_value=5.860677661727243, h_value=0.6756917660753317, id=31, parent=33]
new 		SEARCH_STATE [f_value=6.536369427802574, g_value=6.081528682209113, h_value=0.45484074559346166, id=29, parent=31]
new 		SEARCH_STATE [f_value=6.536369427802574, g_value=6.122579980138307, h_value=0.4137894476642668, id=32, parent=31]
popped 		SEARCH_STATE [f_value=6.536369427802574, g_value=6.081528682209113, h_value=0.45484074559346166, id=29, parent=31]
popped 		SEARCH_STATE [f_value=6.536369427802574, g_value=6.122579980138307, h_value=0.4137894476642668, id=32, parent=31]
new 		SEARCH_STATE [f_value=6.536369427802574, g_value=6.143412254614795, h_value=0.3929571731877796, id=38, parent=32]
popped 		SEARCH_STATE [f_value=6.536369427802574, g_value=6.143412254614795, h_value=0.3929571731877796, id=38, parent=32]
new 		SEARCH_STATE [f_value=6.536369427802574, g_value=6.160826088479935, h_value=0.37554333932263967, id=41, parent=38]
popped 		SEARCH_STATE [f_value=6.536369427802574, g_value=6.160826088479935, h_value=0.37554333932263967, id=41, parent=38]
FOUND PATH
new 		SEARCH_STATE [f_value=6.536369427802574, g_value=6.39360080562761, h_value=0.1427686221749639, id=42, parent=41]
popped 		SEARCH_STATE [f_value=6.536369427802574, g_value=6.39360080562761, h_value=0.1427686221749639, id=42, parent=41]
popped 		SEARCH_STATE [f_value=6.591058077878806, g_value=6.085619687112803, h_value=0.5054383907660023, id=40, parent=38]
new 		SEARCH_STATE [f_value=7.12193173189088, g_value=6.381366987934576, h_value=0.740564743956305, id=48, parent=40]
popped 		SEARCH_STATE [f_value=6.629080009856459, g_value=4.910246535584481, h_value=1.7188334742719777, id=47, parent=39]
updated 	SEARCH_STATE [f_value=6.667358453342413, g_value=5.04290163657217, h_value=1.6244568167702427, id=43, parent=47]
popped 		SEARCH_STATE [f_value=6.667358453342413, g_value=5.04290163657217, h_value=1.6244568167702427, id=43, parent=47]
new 		SEARCH_STATE [f_value=7.10339774880911, g_value=5.4789409320388645, h_value=1.6244568167702456, id=42, parent=43]
new 		SEARCH_STATE [f_value=6.883943195223583, g_value=5.224637785904774, h_value=1.6593054093188089, id=49, parent=43]
popped 		SEARCH_STATE [f_value=6.693931974522011, g_value=4.069138672492943, h_value=2.6247933020290684, id=45, parent=37]
popped 		SEARCH_STATE [f_value=6.883943195223583, g_value=5.224637785904774, h_value=1.6593054093188089, id=49, parent=43]
new 		SEARCH_STATE [f_value=10.8719528303303, g_value=5.378317513197003, h_value=5.493635317133299, id=50, parent=49]
new 		SEARCH_STATE [f_value=7.729969598882246, g_value=6.070664189563437, h_value=1.6593054093188089, id=51, parent=49]
popped 		SEARCH_STATE [f_value=7.038762915623529, g_value=2.262258614790909, h_value=4.77650430083262, id=16, parent=14]
new 		SEARCH_STATE [f_value=7.337888261729719, g_value=2.262258614790909, h_value=5.07562964693881, id=52, parent=16]
popped 		SEARCH_STATE [f_value=7.10339774880911, g_value=5.4789409320388645, h_value=1.6244568167702456, id=42, parent=43]
new 		SEARCH_STATE [f_value=7.10339774880911, g_value=6.960629126634146, h_value=0.1427686221749639, id=41, parent=42]
popped 		SEARCH_STATE [f_value=7.10339774880911, g_value=6.960629126634146, h_value=0.1427686221749639, id=41, parent=42]
FOUND PATH
new 		SEARCH_STATE [f_value=7.336172465956788, g_value=6.960629126634146, h_value=0.37554333932264267, id=38, parent=41]
popped 		SEARCH_STATE [f_value=7.12193173189088, g_value=6.381366987934576, h_value=0.740564743956305, id=48, parent=40]
new 		SEARCH_STATE [f_value=27.071248927436898, g_value=16.377601147743103, h_value=10.693647779693794, id=53, parent=48]
new 		SEARCH_STATE [f_value=7.12193173189088, g_value=6.381366987934576, h_value=0.740564743956305, id=54, parent=48]
popped 		SEARCH_STATE [f_value=7.12193173189088, g_value=6.381366987934576, h_value=0.740564743956305, id=54, parent=48]
new 		SEARCH_STATE [f_value=7.12193173189088, g_value=6.381366987934576, h_value=0.740564743956305, id=55, parent=54]
popped 		SEARCH_STATE [f_value=7.12193173189088, g_value=6.381366987934576, h_value=0.740564743956305, id=55, parent=54]
popped 		SEARCH_STATE [f_value=7.332762328014325, g_value=4.049496691127244, h_value=3.283265636887081, id=21, parent=22]
new 		SEARCH_STATE [f_value=7.640439674817964, g_value=4.049496691127244, h_value=3.59094298369072, id=19, parent=21]
popped 		SEARCH_STATE [f_value=7.336172465956788, g_value=6.960629126634146, h_value=0.37554333932264267, id=38, parent=41]
new 		SEARCH_STATE [f_value=7.3535862998219255, g_value=6.960629126634146, h_value=0.3929571731877796, id=32, parent=38]
new 		SEARCH_STATE [f_value=7.466067517400148, g_value=6.960629126634146, h_value=0.5054383907660023, id=40, parent=38]
popped 		SEARCH_STATE [f_value=7.3362481547876035, g_value=3.1576205663457158, h_value=4.178627588441888, id=14, parent=15]
new 		SEARCH_STATE [f_value=7.3362481547876035, g_value=3.1576205663457158, h_value=4.178627588441888, id=13, parent=14]
new 		SEARCH_STATE [f_value=7.934124867178336, g_value=3.1576205663457158, h_value=4.77650430083262, id=16, parent=14]
popped 		SEARCH_STATE [f_value=7.3362481547876035, g_value=3.1576205663457158, h_value=4.178627588441888, id=13, parent=14]
new 		SEARCH_STATE [f_value=7.610607812537895, g_value=3.1576205663457158, h_value=4.452987246192179, id=11, parent=13]
popped 		SEARCH_STATE [f_value=7.337888261729719, g_value=2.262258614790909, h_value=5.07562964693881, id=52, parent=16]
new 		SEARCH_STATE [f_value=7.337888261729719, g_value=2.262258614790909, h_value=5.07562964693881, id=56, parent=52]
new 		SEARCH_STATE [f_value=52.42413891983862, g_value=23.393491490267795, h_value=29.030647429570823, id=57, parent=52]
popped 		SEARCH_STATE [f_value=7.337888261729719, g_value=2.262258614790909, h_value=5.07562964693881, id=56, parent=52]
new 		SEARCH_STATE [f_value=7.341248495393199, g_value=2.262258614790909, h_value=5.07898988060229, id=58, parent=56]
popped 		SEARCH_STATE [f_value=7.341248495393199, g_value=2.262258614790909, h_value=5.07898988060229, id=58, parent=56]
popped 		SEARCH_STATE [f_value=7.3535862998219255, g_value=6.960629126634146, h_value=0.3929571731877796, id=32, parent=38]
new 		SEARCH_STATE [f_value=7.374418574298413, g_value=6.960629126634146, h_value=0.4137894476642668, id=31, parent=32]
popped 		SEARCH_STATE [f_value=7.374418574298413, g_value=6.960629126634146, h_value=0.4137894476642668, id=31, parent=32]
new 		SEARCH_STATE [f_value=7.415469872227607, g_value=6.960629126634146, h_value=0.45484074559346166, id=29, parent=31]
new 		SEARCH_STATE [f_value=7.6363208927094774, g_value=6.960629126634146, h_value=0.6756917660753317, id=33, parent=31]
popped 		SEARCH_STATE [f_value=7.415469872227607, g_value=6.960629126634146, h_value=0.45484074559346166, id=29, parent=31]
popped 		SEARCH_STATE [f_value=7.466067517400148, g_value=6.960629126634146, h_value=0.5054383907660023, id=40, parent=38]
new 		SEARCH_STATE [f_value=7.701193870590451, g_value=6.960629126634146, h_value=0.740564743956305, id=48, parent=40]
popped 		SEARCH_STATE [f_value=7.610607812537895, g_value=3.1576205663457158, h_value=4.452987246192179, id=11, parent=13]
popped 		SEARCH_STATE [f_value=7.6363208927094774, g_value=6.960629126634146, h_value=0.6756917660753317, id=33, parent=31]
new 		SEARCH_STATE [f_value=7.9654418117475645, g_value=6.960629126634146, h_value=1.0048126851134185, id=35, parent=33]
popped 		SEARCH_STATE [f_value=7.640439674817964, g_value=4.049496691127244, h_value=3.59094298369072, id=19, parent=21]
popped 		SEARCH_STATE [f_value=7.701193870590451, g_value=6.960629126634146, h_value=0.740564743956305, id=48, parent=40]
updated 	SEARCH_STATE [f_value=27.071248927436898, g_value=16.377601147743103, h_value=10.693647779693794, id=53, parent=48]
new 		SEARCH_STATE [f_value=7.701193870590451, g_value=6.960629126634146, h_value=0.740564743956305, id=54, parent=48]
popped 		SEARCH_STATE [f_value=7.701193870590451, g_value=6.960629126634146, h_value=0.740564743956305, id=54, parent=48]
new 		SEARCH_STATE [f_value=7.701193870590451, g_value=6.960629126634146, h_value=0.740564743956305, id=55, parent=54]
popped 		SEARCH_STATE [f_value=7.701193870590451, g_value=6.960629126634146, h_value=0.740564743956305, id=55, parent=54]
popped 		SEARCH_STATE [f_value=7.729969598882246, g_value=6.070664189563437, h_value=1.6593054093188089, id=51, parent=49]
new 		SEARCH_STATE [f_value=8.112462646800717, g_value=6.367107298670444, h_value=1.7453553481302726, id=59, parent=51]
popped 		SEARCH_STATE [f_value=7.934124867178336, g_value=3.1576205663457158, h_value=4.77650430083262, id=16, parent=14]
DONE
BUGGY PATH
#paths = 6
############
#vertices in path = 10
length of path = 7.870691672921617
[(70.09649309628304, 19.678671507447426), (70.69061499999953, 20.633862999995472), (70.99061400000937, 20.63418599999568), (71.59061400000064, 20.634831000003032), (71.89061400000355, 20.635152999995626), (72.49276400000963, 18.63579899999604), (74.29276300000492, 18.637734000003547), (75.49276200000895, 18.6390240000037), (75.49276200000895, 18.6390240000037), (75.7540758131708, 19.014848468665928)]
========
############
#vertices in path = 15
length of path = 10.84681408046665
[(70.09649309628304, 19.678671507447426), (70.69061499999953, 20.633862999995472), (70.99061400000937, 20.63418599999568), (71.59061400000064, 20.634831000003032), (71.89061400000355, 20.635152999995626), (72.49276400000963, 18.63579899999604), (72.79276300000492, 18.63612199999625), (72.79276300000492, 18.63612199999625), (72.79276300000492, 18.63612199999625), (73.39061300001049, 20.636765999995987), (73.69061299999885, 20.637088000003132), (74.29276300000492, 18.637734000003547), (75.49276200000895, 18.6390240000037), (75.49276200000895, 18.6390240000037), (75.7540758131708, 19.014848468665928)]
========
############
#vertices in path = 10
length of path = 7.870691672921617
[(70.09649309628304, 19.678671507447426), (70.69061499999953, 20.633862999995472), (70.99061400000937, 20.63418599999568), (72.79061300000467, 20.636121000003186), (73.39061300001049, 20.636765999995987), (73.69061299999885, 20.637088000003132), (74.29276300000492, 18.637734000003547), (75.49276200000895, 18.6390240000037), (75.49276200000895, 18.6390240000037), (75.7540758131708, 19.014848468665928)]
========
############
#vertices in path = 11
length of path = 7.870691672931972
[(70.09649309628304, 19.678671507447426), (70.69061499999953, 20.633862999995472), (70.99061400000937, 20.63418599999568), (72.79061300000467, 20.636121000003186), (73.3927629999962, 18.6367670000036), (73.3927629999962, 18.6367670000036), (73.6927629999991, 18.637088999996195), (74.29276300000492, 18.637734000003547), (75.49276200000895, 18.6390240000037), (75.49276200000895, 18.6390240000037), (75.7540758131708, 19.014848468665928)]
========
############
#vertices in path = 16
length of path = 10.846814080477005
[(70.09649309628304, 19.678671507447426), (70.69061499999953, 20.633862999995472), (70.99061400000937, 20.63418599999568), (72.79061300000467, 20.636121000003186), (73.3927629999962, 18.6367670000036), (73.3927629999962, 18.6367670000036), (73.6927629999991, 18.637088999996195), (73.6927629999991, 18.637088999996195), (73.6927629999991, 18.637088999996195), (74.29061300000467, 20.637732999995933), (74.59061199999996, 20.63805599999614), (75.19276200000604, 18.638701999996556), (75.19276200000604, 18.638701999996556), (75.49276200000895, 18.6390240000037), (75.49276200000895, 18.6390240000037), (75.7540758131708, 19.014848468665928)]
========
############
#vertices in path = 15
length of path = 10.54641410043596
[(70.09649309628304, 19.678671507447426), (70.69061499999953, 20.633862999995472), (70.99061400000937, 20.63418599999568), (72.79061300000467, 20.636121000003186), (73.3927629999962, 18.6367670000036), (73.3927629999962, 18.6367670000036), (73.6927629999991, 18.637088999996195), (73.6927629999991, 18.637088999996195), (73.6927629999991, 18.637088999996195), (74.29061300000467, 20.637732999995933), (74.59061199999996, 20.63805599999614), (75.19061200000579, 20.638701000003493), (75.4906120000087, 20.639022999996087), (75.7540758131708, 19.014848468665928), (75.7540758131708, 19.014848468665928)]
========
~~~~~~~~~~~~~~~~~~~~~~~~~~~~~~~~~~~~~~~~~~
